#
# There is insufficient memory for the Java Runtime Environment to continue.
# Native memory allocation (malloc) failed to allocate 32744 bytes for ChunkPool::allocate
# Possible reasons:
#   The system is out of physical RAM or swap space
#   In 32 bit mode, the process size limit was hit
# Possible solutions:
#   Reduce memory load on the system
#   Increase physical memory or swap space
#   Check if swap backing store is full
#   Use 64 bit Java on a 64 bit OS
#   Decrease Java heap size (-Xmx/-Xms)
#   Decrease number of Java threads
#   Decrease Java thread stack sizes (-Xss)
#   Set larger code cache with -XX:ReservedCodeCacheSize=
# This output file may be truncated or incomplete.
#
#  Out of Memory Error (allocation.cpp:273), pid=8052, tid=4436
#
# JRE version: Java(TM) SE Runtime Environment (8.0_73-b02) (build 1.8.0_73-b02)
# Java VM: Java HotSpot(TM) 64-Bit Server VM (25.73-b02 mixed mode windows-amd64 compressed oops)
# Failed to write core dump. Minidumps are not enabled by default on client versions of Windows
#

---------------  T H R E A D  ---------------

Current thread (0x0000000056420000):  JavaThread "C2 CompilerThread0" daemon [_thread_in_vm, id=4436, stack(0x0000000055f70000,0x0000000056070000)]

Stack: [0x0000000055f70000,0x0000000056070000]
[error occurred during error reporting (printing stack bounds), id 0xc0000005]

Native frames: (J=compiled Java code, j=interpreted, Vv=VM code, C=native code)


---------------  P R O C E S S  ---------------

Java Threads: ( => current thread )
  0x0000000056424800 JavaThread "C1 CompilerThread2" daemon [_thread_new, id=7696, stack(0x0000000056ea0000,0x0000000056fa0000)]
  0x0000000056423800 JavaThread "C2 CompilerThread1" daemon [_thread_in_vm, id=7996, stack(0x0000000056d20000,0x0000000056e20000)]
=>0x0000000056420000 JavaThread "C2 CompilerThread0" daemon [_thread_in_vm, id=4436, stack(0x0000000055f70000,0x0000000056070000)]
  0x0000000054f6c800 JavaThread "Attach Listener" daemon [_thread_new, id=6632, stack(0x0000000056b10000,0x0000000056c10000)]
  0x0000000054f58800 JavaThread "Signal Dispatcher" daemon [_thread_blocked, id=4564, stack(0x00000000568a0000,0x00000000569a0000)]
  0x0000000054f01000 JavaThread "Finalizer" daemon [_thread_blocked, id=6384, stack(0x00000000561c0000,0x00000000562c0000)]
  0x0000000054f00000 JavaThread "Reference Handler" daemon [_thread_blocked, id=8860, stack(0x0000000056310000,0x0000000056410000)]
  0x000000000262f000 JavaThread "main" [_thread_in_vm, id=7592, stack(0x0000000002960000,0x0000000002a60000)]

Other Threads:
  0x0000000054efa800 VMThread [stack: 0x00000000560b0000,0x00000000561b0000] [id=4628]

VM state:not at safepoint (normal execution)

VM Mutex/Monitor currently owned by a thread: None

Heap:
 PSYoungGen      total 38400K, used 665K [0x00000000eab00000, 0x00000000ed580000, 0x0000000100000000)
  eden space 33280K, 2% used [0x00000000eab00000,0x00000000eaba6670,0x00000000ecb80000)
  from space 5120K, 0% used [0x00000000ed080000,0x00000000ed080000,0x00000000ed580000)
  to   space 5120K, 0% used [0x00000000ecb80000,0x00000000ecb80000,0x00000000ed080000)
 ParOldGen       total 87552K, used 0K [0x00000000c0000000, 0x00000000c5580000, 0x00000000eab00000)
  object space 87552K, 0% used [0x00000000c0000000,0x00000000c0000000,0x00000000c5580000)
 Metaspace       used 2220K, capacity 4480K, committed 4480K, reserved 1056768K
  class space    used 238K, capacity 384K, committed 384K, reserved 1048576K

Card table byte_map: [0x0000000011e20000,0x0000000012030000] byte_map_base: 0x0000000011820000

Marking Bits: (ParMarkBitMap*) 0x000000005ff70600
 Begin Bits: [0x0000000012370000, 0x0000000013370000)
 End Bits:   [0x0000000013370000, 0x0000000014370000)

Polling page: 0x0000000000130000

CodeCache: size=245760Kb used=438Kb max_used=440Kb free=245322Kb
 bounds [0x0000000002a60000, 0x0000000002cd0000, 0x0000000011a60000]
 total_blobs=172 nmethods=0 adapters=137
 compilation: enabled

Compilation events (0 events):
No events

GC Heap History (0 events):
No events

Deoptimization events (0 events):
No events

Internal exceptions (2 events):
Event: 0.143 Thread 0x000000000262f000 Exception <a 'java/lang/NoSuchMethodError': Method sun.misc.Unsafe.defineClass(Ljava/lang/String;[BII)Ljava/lang/Class; name or signature does not match> (0x00000000eab13118) thrown at [D:\re\puppet\workspace\8-2-build-windows-amd64-cygwin\jdk8u73\6086\hot(ú–óù]¬?
Event: 0.143 Thread 0x000000000262f000 Exception <a 'java/lang/NoSuchMethodError': Method sun.misc.Unsafe.prefetchRead(Ljava/lang/Object;J)V name or signature does not match> (0x00000000eab13400) thrown at [D:\re\puppet\workspace\8-2-build-windows-amd64-cygwin\jdk8u73\6086\hotspot\src\share\vm\

Events (10 events):
Event: 0.268 Thread 0x0000000056423800 Thread added: 0x0000000056423800
Event: 0.268 Thread 0x0000000056424800 Thread added: 0x0000000056424800
Event: 0.269 loading class java/lang/invoke/MethodHandleImpl
Event: 0.269 loading class java/lang/invoke/MethodHandleImpl done
Event: 0.269 loading class java/lang/invoke/MethodHandleImpl$1
Event: 0.270 loading class java/lang/invoke/MethodHandleImpl$1 done
Event: 0.270 loading class java/lang/invoke/MethodHandleImpl$2
Event: 0.270 loading class java/util/function/Function
Event: 0.270 loading class java/util/function/Function done
Event: 0.270 loading class java/lang/invoke/MethodHandleImpl$2 done


Dynamic libraries:
0x000000013f920000 - 0x000000013f957000 	C:\Program Files\Java\jdk1.8.0_73\bin\java.exe
0x00000000778e0000 - 0x0000000077a8a000 	C:\Windows\SYSTEM32\ntdll.dll
0x00000000777c0000 - 0x00000000778df000 	C:\Windows\system32\kernel32.dll
0x000007fefd7f0000 - 0x000007fefd85a000 	C:\Windows\system32\KERNELBASE.dll
0x000007feff3f0000 - 0x000007feff4cb000 	C:\Windows\system32\ADVAPI32.dll
0x000007fefea70000 - 0x000007fefeb0f000 	C:\Windows\system32\msvcrt.dll
0x000007feff610000 - 0x000007feff62f000 	C:\Windows\SYSTEM32\sechost.dll
0x000007fefee00000 - 0x000007fefef2d000 	C:\Windows\system32\RPCRT4.dll
0x00000000776c0000 - 0x00000000777ba000 	C:\Windows\system32\USER32.dll
0x000007feff9a0000 - 0x000007feffa07000 	C:\Windows\system32\GDI32.dll
0x000007fefef30000 - 0x000007fefef3e000 	C:\Windows\system32\LPK.dll
0x000007feff320000 - 0x000007feff3ea000 	C:\Windows\system32\USP10.dll
0x000007fefbcb0000 - 0x000007fefbea4000 	C:\Windows\WinSxS\amd64_microsoft.windows.common-controls_6595b64144ccf1df_6.0.7601.18837_none_fa3b1e3d17594757\COMCTL32.dll
0x000007fefef70000 - 0x000007fefefe1000 	C:\Windows\system32\SHLWAPI.dll
0x000007fefef40000 - 0x000007fefef6e000 	C:\Windows\system32\IMM32.DLL
0x000007fefda20000 - 0x000007fefdb29000 	C:\Windows\system32\MSCTF.dll
0x000000006dbd0000 - 0x000000006dca2000 	C:\Program Files\Java\jdk1.8.0_73\jre\bin\msvcr100.dll
0x000000005f760000 - 0x000000005fff0000 	C:\Program Files\Java\jdk1.8.0_73\jre\bin\server\jvm.dll
0x000007fefc4a0000 - 0x000007fefc4a9000 	C:\Windows\system32\WSOCK32.dll
0x000007feff4e0000 - 0x000007feff52d000 	C:\Windows\system32\WS2_32.dll
0x000007feff4d0000 - 0x000007feff4d8000 	C:\Windows\system32\NSI.dll
0x000007fefb090000 - 0x000007fefb0cb000 	C:\Windows\system32\WINMM.dll
0x000007fefc730000 - 0x000007fefc73c000 	C:\Windows\system32\VERSION.dll
0x0000000077ab0000 - 0x0000000077ab7000 	C:\Windows\system32\PSAPI.DLL
0x0000000073ef0000 - 0x0000000073eff000 	C:\Program Files\Java\jdk1.8.0_73\jre\bin\verify.dll
0x0000000073b90000 - 0x0000000073bb9000 	C:\Program Files\Java\jdk1.8.0_73\jre\bin\java.dll
0x0000000073b70000 - 0x0000000073b86000 	C:\Program Files\Java\jdk1.8.0_73\jre\bin\zip.dll
0x000007fefdce0000 - 0x000007fefea6a000 	C:\Windows\system32\SHELL32.dll
0x000007fefeb10000 - 0x000007fefed13000 	C:\Windows\system32\ole32.dll
0x000007fefd670000 - 0x000007fefd67f000 	C:\Windows\system32\profapi.dll

VM Arguments:
jvm_args: -Djava.awt.headless=true -Xmx1024M -Dfile.encoding=GBK -Duser.country=CN -Duser.language=zh -Duser.variant 
java_command: com.android.dx.command.Main --dex --force-jumbo --num-threads=4 --output F:\workplace\AnimationDemo\app\build\intermediates\pre-dexed\debug\main_aca55ffa080a4dda87063d6f5fee4aefe3a3a110.jar F:\workplace\AnimationDemo\app\build\intermediates\transforms\instantRun\debug\folders\1\5\main
java_class_path (initial): F:\Android\SDK\build-tools\23.0.3\lib\dx.jar
Launcher Type: SUN_STANDARD

Environment Variables:
JAVA_HOME=C:\Program Files\Java\jdk1.8.0_73
CLASSPATH=.;C:\Program Files\Java\jdk1.8.0_73\bin;C:\Program Files\Java\jdk1.8.0_73\lib\dt.jar;C:\Program Files\Java\jdk1.8.0_73\lib\tools.jar
PATH=C:\ProgramData\Oracle\Java\javapath;C:\Program Files\Java\jdk1.8.0_73\bin;C:\Program Files\Java\jdk1.8.0_73\jre\bin;F:\adt-bundle-windows-x86_64-20140702\sdk\platform-tools;D:\Git\cmd;D:\TortoiseSVN\bin
USERNAME=Administrator
OS=Windows_NT
PROCESSOR_IDENTIFIER=Intel64 Family 6 Model 60 Stepping 3, GenuineIntel



---------------  S Y S T E M  ---------------

OS: Windows 7 , 64 bit Build 7601 (6.1.7601.23418)

CPU:total 4 (2 cores per cpu, 2 threads per core) family 6 model 60 stepping 3, cmov, cx8, fxsr, mmx, sse, sse2, sse3, ssse3, sse4.1, sse4.2, popcnt, avx, avx2, aes, clmul, erms, lzcnt, ht, tsc, tscinvbit, bmi1, bmi2

Memory: 4k page, physical 8324136k(666432k free), swap 12516580k(57080k free)

vm_info: Java HotSpot(TM) 64-Bit Server VM (25.73-b02) for windows-amd64 JRE (1.8.0_73-b02), built on Jan 29 2016 17:38:49 by "java_re" with MS VC++ 10.0 (VS2010)

time: Tue May 24 17:19:04 2016
elapsed time: 0 seconds (0d 0h 0m 0s)

