#
# There is insufficient memory for the Java Runtime Environment to continue.
# Native memory allocation (malloc) failed to allocate 1103216 bytes for Chunk::new
# Possible reasons:
#   The system is out of physical RAM or swap space
#   In 32 bit mode, the process size limit was hit
# Possible solutions:
#   Reduce memory load on the system
#   Increase physical memory or swap space
#   Check if swap backing store is full
#   Use 64 bit Java on a 64 bit OS
#   Decrease Java heap size (-Xmx/-Xms)
#   Decrease number of Java threads
#   Decrease Java thread stack sizes (-Xss)
#   Set larger code cache with -XX:ReservedCodeCacheSize=
# This output file may be truncated or incomplete.
#
#  Out of Memory Error (allocation.cpp:390), pid=2712, tid=5980
#
# JRE version: Java(TM) SE Runtime Environment (8.0_73-b02) (build 1.8.0_73-b02)
# Java VM: Java HotSpot(TM) 64-Bit Server VM (25.73-b02 mixed mode windows-amd64 compressed oops)
# Failed to write core dump. Minidumps are not enabled by default on client versions of Windows
#

---------------  T H R E A D  ---------------

Current thread (0x0000000056432000):  JavaThread "C2 CompilerThread1" daemon [_thread_in_native, id=5980, stack(0x0000000056ee0000,0x0000000056fe0000)]

Stack: [0x0000000056ee0000,0x0000000056fe0000]
[error occurred during error reporting (printing stack bounds), id 0xc0000005]

Native frames: (J=compiled Java code, j=interpreted, Vv=VM code, C=native code)


Current CompileTask:
C2:   5697 1823   !   4       com.android.dx.cf.code.BytecodeArray::parseInstruction (2764 bytes)


---------------  P R O C E S S  ---------------

Java Threads: ( => current thread )
  0x00000000566e6800 JavaThread "pool-1-thread-4" [_thread_blocked, id=7568, stack(0x0000000058330000,0x0000000058430000)]
  0x00000000566d9000 JavaThread "pool-1-thread-3" [_thread_blocked, id=6764, stack(0x00000000581f0000,0x00000000582f0000)]
  0x00000000566d8800 JavaThread "pool-1-thread-2" [_thread_blocked, id=3416, stack(0x0000000058030000,0x0000000058130000)]
  0x0000000056721800 JavaThread "pool-2-thread-1" [_thread_blocked, id=8604, stack(0x0000000057d80000,0x0000000057e80000)]
  0x0000000056721000 JavaThread "pool-1-thread-1" [_thread_blocked, id=2824, stack(0x0000000056800000,0x0000000056900000)]
  0x0000000056488800 JavaThread "Service Thread" daemon [_thread_blocked, id=5072, stack(0x0000000057260000,0x0000000057360000)]
  0x0000000056435800 JavaThread "C1 CompilerThread2" daemon [_thread_blocked, id=9176, stack(0x0000000057100000,0x0000000057200000)]
=>0x0000000056432000 JavaThread "C2 CompilerThread1" daemon [_thread_in_native, id=5980, stack(0x0000000056ee0000,0x0000000056fe0000)]
  0x000000005501c000 JavaThread "C2 CompilerThread0" daemon [_thread_in_native, id=7228, stack(0x0000000056d40000,0x0000000056e40000)]
  0x00000000563e8800 JavaThread "Attach Listener" daemon [_thread_blocked, id=456, stack(0x0000000056b40000,0x0000000056c40000)]
  0x000000005500b000 JavaThread "Signal Dispatcher" daemon [_thread_blocked, id=6436, stack(0x0000000056980000,0x0000000056a80000)]
  0x0000000054fb7000 JavaThread "Finalizer" daemon [_thread_blocked, id=6376, stack(0x00000000562e0000,0x00000000563e0000)]
  0x0000000054fb0000 JavaThread "Reference Handler" daemon [_thread_blocked, id=8580, stack(0x0000000056140000,0x0000000056240000)]
  0x00000000024ef000 JavaThread "main" [_thread_in_native, id=7236, stack(0x00000000027b0000,0x00000000028b0000)]

Other Threads:
  0x0000000054faa800 VMThread [stack: 0x0000000055fc0000,0x00000000560c0000] [id=2856]
  0x00000000564a0000 WatcherThread [stack: 0x0000000057440000,0x0000000057540000] [id=4724]

VM state:not at safepoint (normal execution)

VM Mutex/Monitor currently owned by a thread: None

Heap:
 PSYoungGen      total 71680K, used 38986K [0x00000000eab00000, 0x00000000ef600000, 0x0000000100000000)
  eden space 66560K, 50% used [0x00000000eab00000,0x00000000ecc15758,0x00000000eec00000)
  from space 5120K, 99% used [0x00000000ef100000,0x00000000ef5fd370,0x00000000ef600000)
  to   space 5120K, 0% used [0x00000000eec00000,0x00000000eec00000,0x00000000ef100000)
 ParOldGen       total 87552K, used 13970K [0x00000000c0000000, 0x00000000c5580000, 0x00000000eab00000)
  object space 87552K, 15% used [0x00000000c0000000,0x00000000c0da48d0,0x00000000c5580000)
 Metaspace       used 6334K, capacity 7158K, committed 7296K, reserved 1056768K
  class space    used 608K, capacity 622K, committed 640K, reserved 1048576K

Card table byte_map: [0x0000000011c70000,0x0000000011e80000] byte_map_base: 0x0000000011670000

Marking Bits: (ParMarkBitMap*) 0x000000005ff70600
 Begin Bits: [0x0000000012420000, 0x0000000013420000)
 End Bits:   [0x0000000013420000, 0x0000000014420000)

Polling page: 0x0000000000230000

CodeCache: size=245760Kb used=7425Kb max_used=7435Kb free=238334Kb
 bounds [0x00000000028b0000, 0x0000000003000000, 0x00000000118b0000]
 total_blobs=2070 nmethods=1798 adapters=184
 compilation: enabled

Compilation events (10 events):
Event: 5.551 Thread 0x000000005501c000 1810       4       com.android.dx.ssa.SsaBasicBlock::scheduleMovesFromPhis (108 bytes)
Event: 5.552 Thread 0x000000005501c000 nmethod 1810 0x0000000002f84e50 code [0x0000000002f84f80, 0x0000000002f85018]
Event: 5.552 Thread 0x000000005501c000 1761       4       com.android.dx.ssa.SsaBasicBlock::exitBlockFixup (58 bytes)
Event: 5.567 Thread 0x000000005501c000 nmethod 1761 0x0000000002fd2810 code [0x0000000002fd2980, 0x0000000002fd3498]
Event: 5.567 Thread 0x000000005501c000 1809       4       java.util.ArrayList$SubList::removeRange (47 bytes)
Event: 5.571 Thread 0x000000005501c000 nmethod 1809 0x0000000002fd3e50 code [0x0000000002fd3fa0, 0x0000000002fd41f8]
Event: 5.571 Thread 0x000000005501c000 1734       4       com.android.dx.ssa.back.SsaToRop::convertBasicBlock (126 bytes)
Event: 5.599 Thread 0x000000005501c000 nmethod 1734 0x0000000002ff2f90 code [0x0000000002ff31a0, 0x0000000002ff4308]
Event: 5.616 Thread 0x0000000056435800 1830       3       com.android.dx.ssa.SsaRenamer$BlockRenamer::process (191 bytes)
Event: 5.617 Thread 0x0000000056435800 nmethod 1830 0x0000000002ff5dd0 code [0x0000000002ff6100, 0x0000000002ff7b28]

GC Heap History (8 events):
Event: 3.202 GC heap before
{Heap before GC invocations=1 (full 0):
 PSYoungGen      total 38400K, used 33280K [0x00000000eab00000, 0x00000000ed580000, 0x0000000100000000)
  eden space 33280K, 100% used [0x00000000eab00000,0x00000000ecb80000,0x00000000ecb80000)
  from space 5120K, 0% used [0x00000000ed080000,0x00000000ed080000,0x00000000ed580000)
  to   space 5120K, 0% used [0x00000000ecb80000,0x00000000ecb80000,0x00000000ed080000)
 ParOldGen       total 87552K, used 0K [0x00000000c0000000, 0x00000000c5580000, 0x00000000eab00000)
  object space 87552K, 0% used [0x00000000c0000000,0x00000000c0000000,0x00000000c5580000)
 Metaspace       used 5959K, capacity 6836K, committed 7040K, reserved 1056768K
  class space    used 605K, capacity 620K, committed 640K, reserved 1048576K
Event: 3.219 GC heap after
Heap after GC invocations=1 (full 0):
 PSYoungGen      total 38400K, used 5118K [0x00000000eab00000, 0x00000000ed580000, 0x0000000100000000)
  eden space 33280K, 0% used [0x00000000eab00000,0x00000000eab00000,0x00000000ecb80000)
  from space 5120K, 99% used [0x00000000ecb80000,0x00000000ed07faf8,0x00000000ed080000)
  to   space 5120K, 0% used [0x00000000ed080000,0x00000000ed080000,0x00000000ed580000)
 ParOldGen       total 87552K, used 100K [0x00000000c0000000, 0x00000000c5580000, 0x00000000eab00000)
  object space 87552K, 0% used [0x00000000c0000000,0x00000000c0019378,0x00000000c5580000)
 Metaspace       used 5959K, capacity 6836K, committed 7040K, reserved 1056768K
  class space    used 605K, capacity 620K, committed 640K, reserved 1048576K
}
Event: 3.688 GC heap before
{Heap before GC invocations=2 (full 0):
 PSYoungGen      total 38400K, used 38398K [0x00000000eab00000, 0x00000000ed580000, 0x0000000100000000)
  eden space 33280K, 100% used [0x00000000eab00000,0x00000000ecb80000,0x00000000ecb80000)
  from space 5120K, 99% used [0x00000000ecb80000,0x00000000ed07faf8,0x00000000ed080000)
  to   space 5120K, 0% used [0x00000000ed080000,0x00000000ed080000,0x00000000ed580000)
 ParOldGen       total 87552K, used 100K [0x00000000c0000000, 0x00000000c5580000, 0x00000000eab00000)
  object space 87552K, 0% used [0x00000000c0000000,0x00000000c0019378,0x00000000c5580000)
 Metaspace       used 6212K, capacity 7030K, committed 7296K, reserved 1056768K
  class space    used 607K, capacity 622K, committed 640K, reserved 1048576K
Event: 3.707 GC heap after
Heap after GC invocations=2 (full 0):
 PSYoungGen      total 38400K, used 5115K [0x00000000eab00000, 0x00000000ef600000, 0x0000000100000000)
  eden space 33280K, 0% used [0x00000000eab00000,0x00000000eab00000,0x00000000ecb80000)
  from space 5120K, 99% used [0x00000000ed080000,0x00000000ed57efc8,0x00000000ed580000)
  to   space 5120K, 0% used [0x00000000ecb80000,0x00000000ecb80000,0x00000000ed080000)
 ParOldGen       total 87552K, used 3348K [0x00000000c0000000, 0x00000000c5580000, 0x00000000eab00000)
  object space 87552K, 3% used [0x00000000c0000000,0x00000000c0345108,0x00000000c5580000)
 Metaspace       used 6212K, capacity 7030K, committed 7296K, reserved 1056768K
  class space    used 607K, capacity 622K, committed 640K, reserved 1048576K
}
Event: 3.903 GC heap before
{Heap before GC invocations=3 (full 0):
 PSYoungGen      total 38400K, used 38395K [0x00000000eab00000, 0x00000000ef600000, 0x0000000100000000)
  eden space 33280K, 100% used [0x00000000eab00000,0x00000000ecb80000,0x00000000ecb80000)
  from space 5120K, 99% used [0x00000000ed080000,0x00000000ed57efc8,0x00000000ed580000)
  to   space 5120K, 0% used [0x00000000ecb80000,0x00000000ecb80000,0x00000000ed080000)
 ParOldGen       total 87552K, used 3348K [0x00000000c0000000, 0x00000000c5580000, 0x00000000eab00000)
  object space 87552K, 3% used [0x00000000c0000000,0x00000000c0345108,0x00000000c5580000)
 Metaspace       used 6278K, capacity 7094K, committed 7296K, reserved 1056768K
  class space    used 608K, capacity 622K, committed 640K, reserved 1048576K
Event: 3.940 GC heap after
Heap after GC invocations=3 (full 0):
 PSYoungGen      total 38400K, used 5092K [0x00000000eab00000, 0x00000000ef600000, 0x0000000100000000)
  eden space 33280K, 0% used [0x00000000eab00000,0x00000000eab00000,0x00000000ecb80000)
  from space 5120K, 99% used [0x00000000ecb80000,0x00000000ed079380,0x00000000ed080000)
  to   space 5120K, 0% used [0x00000000ef100000,0x00000000ef100000,0x00000000ef600000)
 ParOldGen       total 87552K, used 8914K [0x00000000c0000000, 0x00000000c5580000, 0x00000000eab00000)
  object space 87552K, 10% used [0x00000000c0000000,0x00000000c08b4958,0x00000000c5580000)
 Metaspace       used 6278K, capacity 7094K, committed 7296K, reserved 1056768K
  class space    used 608K, capacity 622K, committed 640K, reserved 1048576K
}
Event: 4.189 GC heap before
{Heap before GC invocations=4 (full 0):
 PSYoungGen      total 38400K, used 38372K [0x00000000eab00000, 0x00000000ef600000, 0x0000000100000000)
  eden space 33280K, 100% used [0x00000000eab00000,0x00000000ecb80000,0x00000000ecb80000)
  from space 5120K, 99% used [0x00000000ecb80000,0x00000000ed079380,0x00000000ed080000)
  to   space 5120K, 0% used [0x00000000ef100000,0x00000000ef100000,0x00000000ef600000)
 ParOldGen       total 87552K, used 8914K [0x00000000c0000000, 0x00000000c5580000, 0x00000000eab00000)
  object space 87552K, 10% used [0x00000000c0000000,0x00000000c08b4958,0x00000000c5580000)
 Metaspace       used 6303K, capacity 7158K, committed 7296K, reserved 1056768K
  class space    used 608K, capacity 622K, committed 640K, reserved 1048576K
Event: 4.251 GC heap after
Heap after GC invocations=4 (full 0):
 PSYoungGen      total 71680K, used 5108K [0x00000000eab00000, 0x00000000ef600000, 0x0000000100000000)
  eden space 66560K, 0% used [0x00000000eab00000,0x00000000eab00000,0x00000000eec00000)
  from space 5120K, 99% used [0x00000000ef100000,0x00000000ef5fd370,0x00000000ef600000)
  to   space 5120K, 0% used [0x00000000eec00000,0x00000000eec00000,0x00000000ef100000)
 ParOldGen       total 87552K, used 13970K [0x00000000c0000000, 0x00000000c5580000, 0x00000000eab00000)
  object space 87552K, 15% used [0x00000000c0000000,0x00000000c0da48d0,0x00000000c5580000)
 Metaspace       used 6303K, capacity 7158K, committed 7296K, reserved 1056768K
  class space    used 608K, capacity 622K, committed 640K, reserved 1048576K
}

Deoptimization events (10 events):
Event: 3.802 Thread 0x00000000566e6800 Uncommon trap: reason=class_check action=maybe_recompile pc=0x0000000002d44430 method=java.util.HashMap.putVal(ILjava/lang/Object;Ljava/lang/Object;ZZ)Ljava/lang/Object; @ 203
Event: 3.802 Thread 0x00000000566e6800 Uncommon trap: reason=bimorphic action=maybe_recompile pc=0x0000000002c14b1c method=java.util.HashMap.getNode(ILjava/lang/Object;)Ljava/util/HashMap$Node; @ 126
Event: 3.802 Thread 0x00000000566e6800 Uncommon trap: reason=class_check action=maybe_recompile pc=0x0000000002d44430 method=java.util.HashMap.putVal(ILjava/lang/Object;Ljava/lang/Object;ZZ)Ljava/lang/Object; @ 203
Event: 3.802 Thread 0x00000000566e6800 Uncommon trap: reason=bimorphic action=maybe_recompile pc=0x0000000002b086c4 method=java.util.HashMap.getNode(ILjava/lang/Object;)Ljava/util/HashMap$Node; @ 126
Event: 3.802 Thread 0x00000000566e6800 Uncommon trap: reason=bimorphic action=maybe_recompile pc=0x0000000002b086c4 method=java.util.HashMap.getNode(ILjava/lang/Object;)Ljava/util/HashMap$Node; @ 126
Event: 3.802 Thread 0x00000000566e6800 Uncommon trap: reason=class_check action=maybe_recompile pc=0x0000000002d44430 method=java.util.HashMap.putVal(ILjava/lang/Object;Ljava/lang/Object;ZZ)Ljava/lang/Object; @ 203
Event: 3.803 Thread 0x00000000566e6800 Uncommon trap: reason=bimorphic action=maybe_recompile pc=0x0000000002c14b1c method=java.util.HashMap.getNode(ILjava/lang/Object;)Ljava/util/HashMap$Node; @ 126
Event: 5.033 Thread 0x00000000566e6800 Uncommon trap: reason=unstable_if action=reinterpret pc=0x0000000002f00038 method=com.android.dx.ssa.SsaRenamer$BlockRenamer.visitMoveInsn(Lcom/android/dx/ssa/NormalSsaInsn;)V @ 104
Event: 5.248 Thread 0x0000000056721000 Uncommon trap: reason=bimorphic action=maybe_recompile pc=0x0000000002f1f1a4 method=com.android.dx.cf.code.BytecodeArray.parseInstruction(ILcom/android/dx/cf/code/BytecodeArray$Visitor;)I @ 1130
Event: 5.249 Thread 0x0000000056721000 Uncommon trap: reason=bimorphic action=maybe_recompile pc=0x0000000002f1f1a4 method=com.android.dx.cf.code.BytecodeArray.parseInstruction(ILcom/android/dx/cf/code/BytecodeArray$Visitor;)I @ 1130

Internal exceptions (3 events):
Event: 0.038 Thread 0x00000000024ef000 Exception <a 'java/lang/NoSuchMethodError': Method sun.misc.Unsafe.defineClass(Ljava/lang/String;[BII)Ljava/lang/Class; name or signature does not match> (0x00000000eab13118) thrown at [D:\re\puppet\workspace\8-2-build-windows-amd64-cygwin\jdk8u73\6086\hot¼þEFŒ£?
Event: 0.038 Thread 0x00000000024ef000 Exception <a 'java/lang/NoSuchMethodError': Method sun.misc.Unsafe.prefetchRead(Ljava/lang/Object;J)V name or signature does not match> (0x00000000eab13400) thrown at [D:\re\puppet\workspace\8-2-build-windows-amd64-cygwin\jdk8u73\6086\hotspot\src\share\vm\WYû„ên@
Event: 3.429 Thread 0x00000000566e6800 Implicit null exception at 0x0000000002be9f12 to 0x0000000002bea019

Events (10 events):
Event: 5.131 Thread 0x0000000056721000 DEOPT PACKING pc=0x0000000002d0a1f1 sp=0x00000000568fe1a0
Event: 5.131 Thread 0x0000000056721000 DEOPT UNPACKING pc=0x00000000028f787f sp=0x00000000568fdfe0 mode 0
Event: 5.132 Thread 0x0000000056721000 DEOPT PACKING pc=0x0000000002cd7e39 sp=0x00000000568fe440
Event: 5.132 Thread 0x0000000056721000 DEOPT UNPACKING pc=0x00000000028f787f sp=0x00000000568fe1d0 mode 0
Event: 5.248 Thread 0x0000000056721000 Uncommon trap: trap_request=0xffffffc6 fr.pc=0x0000000002f1f1a4
Event: 5.248 Thread 0x0000000056721000 DEOPT PACKING pc=0x0000000002f1f1a4 sp=0x00000000568fe370
Event: 5.248 Thread 0x0000000056721000 DEOPT UNPACKING pc=0x00000000028f582a sp=0x00000000568fe2f8 mode 2
Event: 5.249 Thread 0x0000000056721000 Uncommon trap: trap_request=0xffffffc6 fr.pc=0x0000000002f1f1a4
Event: 5.249 Thread 0x0000000056721000 DEOPT PACKING pc=0x0000000002f1f1a4 sp=0x00000000568fe1c0
Event: 5.249 Thread 0x0000000056721000 DEOPT UNPACKING pc=0x00000000028f582a sp=0x00000000568fe148 mode 2


Dynamic libraries:
0x000000013f920000 - 0x000000013f957000 	C:\Program Files\Java\jdk1.8.0_73\bin\java.exe
0x00000000778e0000 - 0x0000000077a8a000 	C:\Windows\SYSTEM32\ntdll.dll
0x00000000777c0000 - 0x00000000778df000 	C:\Windows\system32\kernel32.dll
0x000007fefd7f0000 - 0x000007fefd85a000 	C:\Windows\system32\KERNELBASE.dll
0x000007feff3f0000 - 0x000007feff4cb000 	C:\Windows\system32\ADVAPI32.dll
0x000007fefea70000 - 0x000007fefeb0f000 	C:\Windows\system32\msvcrt.dll
0x000007feff610000 - 0x000007feff62f000 	C:\Windows\SYSTEM32\sechost.dll
0x000007fefee00000 - 0x000007fefef2d000 	C:\Windows\system32\RPCRT4.dll
0x00000000776c0000 - 0x00000000777ba000 	C:\Windows\system32\USER32.dll
0x000007feff9a0000 - 0x000007feffa07000 	C:\Windows\system32\GDI32.dll
0x000007fefef30000 - 0x000007fefef3e000 	C:\Windows\system32\LPK.dll
0x000007feff320000 - 0x000007feff3ea000 	C:\Windows\system32\USP10.dll
0x000007fefbcb0000 - 0x000007fefbea4000 	C:\Windows\WinSxS\amd64_microsoft.windows.common-controls_6595b64144ccf1df_6.0.7601.18837_none_fa3b1e3d17594757\COMCTL32.dll
0x000007fefef70000 - 0x000007fefefe1000 	C:\Windows\system32\SHLWAPI.dll
0x000007fefef40000 - 0x000007fefef6e000 	C:\Windows\system32\IMM32.DLL
0x000007fefda20000 - 0x000007fefdb29000 	C:\Windows\system32\MSCTF.dll
0x000000006dbd0000 - 0x000000006dca2000 	C:\Program Files\Java\jdk1.8.0_73\jre\bin\msvcr100.dll
0x000000005f760000 - 0x000000005fff0000 	C:\Program Files\Java\jdk1.8.0_73\jre\bin\server\jvm.dll
0x000007fefc4a0000 - 0x000007fefc4a9000 	C:\Windows\system32\WSOCK32.dll
0x000007feff4e0000 - 0x000007feff52d000 	C:\Windows\system32\WS2_32.dll
0x000007feff4d0000 - 0x000007feff4d8000 	C:\Windows\system32\NSI.dll
0x000007fefb090000 - 0x000007fefb0cb000 	C:\Windows\system32\WINMM.dll
0x000007fefc730000 - 0x000007fefc73c000 	C:\Windows\system32\VERSION.dll
0x0000000077ab0000 - 0x0000000077ab7000 	C:\Windows\system32\PSAPI.DLL
0x0000000073ef0000 - 0x0000000073eff000 	C:\Program Files\Java\jdk1.8.0_73\jre\bin\verify.dll
0x0000000073b90000 - 0x0000000073bb9000 	C:\Program Files\Java\jdk1.8.0_73\jre\bin\java.dll
0x0000000073b70000 - 0x0000000073b86000 	C:\Program Files\Java\jdk1.8.0_73\jre\bin\zip.dll
0x000007fefdce0000 - 0x000007fefea6a000 	C:\Windows\system32\SHELL32.dll
0x000007fefeb10000 - 0x000007fefed13000 	C:\Windows\system32\ole32.dll
0x000007fefd670000 - 0x000007fefd67f000 	C:\Windows\system32\profapi.dll

VM Arguments:
jvm_args: -Djava.awt.headless=true -Xmx1024M -Dfile.encoding=GBK -Duser.country=CN -Duser.language=zh -Duser.variant 
java_command: com.android.dx.command.Main --dex --force-jumbo --num-threads=4 --output F:\workplace\AnimationDemo\app\build\intermediates\pre-dexed\debug\com.android.support-support-v4-23.4.0_cae4c298bb66f9309cb6dcf1aa105442bc090895.jar F:\workplace\AnimationDemo\app\build\intermediates\exploded-aar\com.android.support\support-v4\23.4.0\jars\classes.jar
java_class_path (initial): F:\Android\SDK\build-tools\23.0.3\lib\dx.jar
Launcher Type: SUN_STANDARD

Environment Variables:
JAVA_HOME=C:\Program Files\Java\jdk1.8.0_73
CLASSPATH=.;C:\Program Files\Java\jdk1.8.0_73\bin;C:\Program Files\Java\jdk1.8.0_73\lib\dt.jar;C:\Program Files\Java\jdk1.8.0_73\lib\tools.jar
PATH=C:\ProgramData\Oracle\Java\javapath;C:\Program Files\Java\jdk1.8.0_73\bin;C:\Program Files\Java\jdk1.8.0_73\jre\bin;F:\adt-bundle-windows-x86_64-20140702\sdk\platform-tools;D:\Git\cmd;D:\TortoiseSVN\bin
USERNAME=Administrator
OS=Windows_NT
PROCESSOR_IDENTIFIER=Intel64 Family 6 Model 60 Stepping 3, GenuineIntel



---------------  S Y S T E M  ---------------

OS: Windows 7 , 64 bit Build 7601 (6.1.7601.23418)

CPU:total 4 (2 cores per cpu, 2 threads per core) family 6 model 60 stepping 3, cmov, cx8, fxsr, mmx, sse, sse2, sse3, ssse3, sse4.1, sse4.2, popcnt, avx, avx2, aes, clmul, erms, lzcnt, ht, tsc, tscinvbit, bmi1, bmi2

Memory: 4k page, physical 8324136k(666656k free), swap 12516580k(57392k free)

vm_info: Java HotSpot(TM) 64-Bit Server VM (25.73-b02) for windows-amd64 JRE (1.8.0_73-b02), built on Jan 29 2016 17:38:49 by "java_re" with MS VC++ 10.0 (VS2010)

time: Tue May 24 17:19:04 2016
elapsed time: 5 seconds (0d 0h 0m 5s)

